<?xml version="1.0" encoding="UTF-8"?>
<testng-results skipped="0" failed="0" ignored="0" total="1" passed="1">
  <reporter-output>
  </reporter-output>
  <suite name="Suite" duration-ms="44493" started-at="2023-04-04T17:06:49 IST" finished-at="2023-04-04T17:07:34 IST">
    <groups>
    </groups>
    <test name="Test" duration-ms="44493" started-at="2023-04-04T17:06:49 IST" finished-at="2023-04-04T17:07:34 IST">
      <class name="mypack.Project1">
        <test-method status="PASS" signature="beforeMethod()[pri:0, instance:mypack.Project1@4fcd19b3]" name="beforeMethod" is-config="true" duration-ms="3233" started-at="2023-04-04T17:06:49 IST" finished-at="2023-04-04T17:06:52 IST">
          <reporter-output>
          </reporter-output>
        </test-method> <!-- beforeMethod -->
        <test-method status="PASS" signature="method()[pri:0, instance:mypack.Project1@4fcd19b3]" name="method" duration-ms="41204" started-at="2023-04-04T17:06:52 IST" finished-at="2023-04-04T17:07:34 IST">
          <reporter-output>
          </reporter-output>
        </test-method> <!-- method -->
      </class> <!-- mypack.Project1 -->
    </test> <!-- Test -->
  </suite> <!-- Suite -->
</testng-results>
